<?xml version="1.0" encoding="UTF-8"?>
<!-- Generated by org.testng.reporters.JUnitXMLReporter -->
<testsuite ignored="0" hostname="DESKTOP-HJHABDC" failures="0" tests="3" name="Submit Order Test" time="21.772" errors="0" timestamp="2024-04-27T10:40:43 CEST">
  <testcase classname="dusanselenium.tests.StandaloneTest" name="submitOrder" time="3.092"/>
  <testcase classname="dusanselenium.tests.StandaloneTest" name="submitOrder" time="3.07"/>
  <testcase classname="dusanselenium.tests.StandaloneTest" name="orderHistoryTest" time="0.679"/>
</testsuite> <!-- Submit Order Test -->
