<?xml version="1.0" encoding="UTF-8"?>
<!-- Generated by org.testng.reporters.JUnitXMLReporter -->
<testsuite ignored="0" hostname="DESKTOP-HJHABDC" failures="0" tests="2" name="Error Validations Test" time="14.074" errors="0" timestamp="2024-05-02T12:49:49 CEST">
  <testcase classname="dusanselenium.tests.ErrorValidations" name="loginIncorrectCredentials" time="0.92"/>
  <testcase classname="dusanselenium.tests.ErrorValidations" name="productErrorValidation" time="2.3"/>
</testsuite> <!-- Error Validations Test -->
