<?xml version="1.0" encoding="UTF-8"?>
<!-- Generated by org.testng.reporters.JUnitXMLReporter -->
<testsuite ignored="0" hostname="DESKTOP-HJHABDC" failures="0" tests="3" name="Submit Order Test" time="23.549" errors="0" timestamp="2024-05-02T12:49:35 CEST">
  <testcase classname="dusanselenium.tests.StandaloneTest" name="submitOrder" time="3.316"/>
  <testcase classname="dusanselenium.tests.StandaloneTest" name="submitOrder" time="2.999"/>
  <testcase classname="dusanselenium.tests.StandaloneTest" name="orderHistoryTest" time="0.699"/>
</testsuite> <!-- Submit Order Test -->
