<?xml version="1.0" encoding="UTF-8"?>
<testng-results ignored="0" total="5" passed="5" failed="0" skipped="0">
  <reporter-output>
  </reporter-output>
  <suite started-at="2024-05-02T12:49:11 CEST" name="Suite" finished-at="2024-05-02T12:49:49 CEST" duration-ms="37913">
    <groups>
      <group name="Purchase">
        <method signature="StandaloneTest.submitOrder(java.util.HashMap)[pri:0, instance:dusanselenium.tests.StandaloneTest@3f4faf53]" name="submitOrder" class="dusanselenium.tests.StandaloneTest"/>
      </group> <!-- Purchase -->
      <group name="Error Handling">
        <method signature="ErrorValidations.loginIncorrectCredentials()[pri:0, instance:dusanselenium.tests.ErrorValidations@2d0399f4]" name="loginIncorrectCredentials" class="dusanselenium.tests.ErrorValidations"/>
        <method signature="ErrorValidations.productErrorValidation()[pri:0, instance:dusanselenium.tests.ErrorValidations@2d0399f4]" name="productErrorValidation" class="dusanselenium.tests.ErrorValidations"/>
      </group> <!-- Error Handling -->
    </groups>
    <test started-at="2024-05-02T12:49:11 CEST" name="Submit Order Test" finished-at="2024-05-02T12:49:35 CEST" duration-ms="23549">
      <class name="dusanselenium.tests.StandaloneTest">
        <test-method is-config="true" signature="launchApplication()[pri:0, instance:dusanselenium.tests.StandaloneTest@3f4faf53]" started-at="2024-05-02T12:49:11 CEST" name="launchApplication" finished-at="2024-05-02T12:49:17 CEST" duration-ms="5853" status="PASS">
          <reporter-output>
          </reporter-output>
        </test-method> <!-- launchApplication -->
        <test-method signature="submitOrder(java.util.HashMap)[pri:0, instance:dusanselenium.tests.StandaloneTest@3f4faf53]" started-at="2024-05-02T12:49:17 CEST" name="submitOrder" data-provider="getData" finished-at="2024-05-02T12:49:20 CEST" duration-ms="3316" status="PASS">
          <params>
            <param index="0">
              <value>
                <![CDATA[{password=D.Simic1995!, email=duleselenium@gmail.com, productName=ZARA COAT 3}]]>
              </value>
            </param>
          </params>
          <reporter-output>
          </reporter-output>
        </test-method> <!-- submitOrder -->
        <test-method is-config="true" signature="tearDown()[pri:0, instance:dusanselenium.tests.StandaloneTest@3f4faf53]" started-at="2024-05-02T12:49:20 CEST" name="tearDown" finished-at="2024-05-02T12:49:21 CEST" duration-ms="189" status="PASS">
          <reporter-output>
          </reporter-output>
        </test-method> <!-- tearDown -->
        <test-method is-config="true" signature="launchApplication()[pri:0, instance:dusanselenium.tests.StandaloneTest@3f4faf53]" started-at="2024-05-02T12:49:21 CEST" name="launchApplication" finished-at="2024-05-02T12:49:25 CEST" duration-ms="4405" status="PASS">
          <reporter-output>
          </reporter-output>
        </test-method> <!-- launchApplication -->
        <test-method signature="submitOrder(java.util.HashMap)[pri:0, instance:dusanselenium.tests.StandaloneTest@3f4faf53]" started-at="2024-05-02T12:49:25 CEST" name="submitOrder" data-provider="getData" finished-at="2024-05-02T12:49:28 CEST" duration-ms="2999" status="PASS">
          <params>
            <param index="0">
              <value>
                <![CDATA[{password=D.Simic1995!, email=duleselenium2@gmail.com, productName=ADIDAS ORIGINAL}]]>
              </value>
            </param>
          </params>
          <reporter-output>
          </reporter-output>
        </test-method> <!-- submitOrder -->
        <test-method is-config="true" signature="tearDown()[pri:0, instance:dusanselenium.tests.StandaloneTest@3f4faf53]" started-at="2024-05-02T12:49:28 CEST" name="tearDown" finished-at="2024-05-02T12:49:28 CEST" duration-ms="219" status="PASS">
          <reporter-output>
          </reporter-output>
        </test-method> <!-- tearDown -->
        <test-method is-config="true" signature="launchApplication()[pri:0, instance:dusanselenium.tests.StandaloneTest@3f4faf53]" started-at="2024-05-02T12:49:28 CEST" name="launchApplication" finished-at="2024-05-02T12:49:34 CEST" duration-ms="5386" status="PASS">
          <reporter-output>
          </reporter-output>
        </test-method> <!-- launchApplication -->
        <test-method signature="orderHistoryTest()[pri:0, instance:dusanselenium.tests.StandaloneTest@3f4faf53]" started-at="2024-05-02T12:49:34 CEST" name="orderHistoryTest" finished-at="2024-05-02T12:49:34 CEST" depends-on-methods="dusanselenium.tests.StandaloneTest.submitOrder" duration-ms="699" status="PASS">
          <reporter-output>
          </reporter-output>
        </test-method> <!-- orderHistoryTest -->
        <test-method is-config="true" signature="tearDown()[pri:0, instance:dusanselenium.tests.StandaloneTest@3f4faf53]" started-at="2024-05-02T12:49:34 CEST" name="tearDown" finished-at="2024-05-02T12:49:35 CEST" duration-ms="252" status="PASS">
          <reporter-output>
          </reporter-output>
        </test-method> <!-- tearDown -->
      </class> <!-- dusanselenium.tests.StandaloneTest -->
    </test> <!-- Submit Order Test -->
    <test started-at="2024-05-02T12:49:35 CEST" name="Error Validations Test" finished-at="2024-05-02T12:49:49 CEST" duration-ms="14074">
      <class name="dusanselenium.tests.ErrorValidations">
        <test-method is-config="true" signature="launchApplication()[pri:0, instance:dusanselenium.tests.ErrorValidations@2d0399f4]" started-at="2024-05-02T12:49:35 CEST" name="launchApplication" finished-at="2024-05-02T12:49:40 CEST" duration-ms="5305" status="PASS">
          <reporter-output>
          </reporter-output>
        </test-method> <!-- launchApplication -->
        <test-method signature="loginIncorrectCredentials()[pri:0, instance:dusanselenium.tests.ErrorValidations@2d0399f4]" started-at="2024-05-02T12:49:40 CEST" name="loginIncorrectCredentials" finished-at="2024-05-02T12:49:41 CEST" duration-ms="920" status="PASS">
          <reporter-output>
          </reporter-output>
        </test-method> <!-- loginIncorrectCredentials -->
        <test-method is-config="true" signature="tearDown()[pri:0, instance:dusanselenium.tests.ErrorValidations@2d0399f4]" started-at="2024-05-02T12:49:41 CEST" name="tearDown" finished-at="2024-05-02T12:49:41 CEST" duration-ms="280" status="PASS">
          <reporter-output>
          </reporter-output>
        </test-method> <!-- tearDown -->
        <test-method is-config="true" signature="launchApplication()[pri:0, instance:dusanselenium.tests.ErrorValidations@2d0399f4]" started-at="2024-05-02T12:49:41 CEST" name="launchApplication" finished-at="2024-05-02T12:49:46 CEST" duration-ms="4952" status="PASS">
          <reporter-output>
          </reporter-output>
        </test-method> <!-- launchApplication -->
        <test-method signature="productErrorValidation()[pri:0, instance:dusanselenium.tests.ErrorValidations@2d0399f4]" started-at="2024-05-02T12:49:46 CEST" name="productErrorValidation" finished-at="2024-05-02T12:49:49 CEST" duration-ms="2300" status="PASS">
          <reporter-output>
          </reporter-output>
        </test-method> <!-- productErrorValidation -->
        <test-method is-config="true" signature="tearDown()[pri:0, instance:dusanselenium.tests.ErrorValidations@2d0399f4]" started-at="2024-05-02T12:49:49 CEST" name="tearDown" finished-at="2024-05-02T12:49:49 CEST" duration-ms="314" status="PASS">
          <reporter-output>
          </reporter-output>
        </test-method> <!-- tearDown -->
      </class> <!-- dusanselenium.tests.ErrorValidations -->
    </test> <!-- Error Validations Test -->
  </suite> <!-- Suite -->
</testng-results>
